#
# There is insufficient memory for the Java Runtime Environment to continue.
# Native memory allocation (mmap) failed to map 264241152 bytes for G1 virtual space
# Possible reasons:
#   The system is out of physical RAM or swap space
#   The process is running with CompressedOops enabled, and the Java Heap may be blocking the growth of the native heap
# Possible solutions:
#   Reduce memory load on the system
#   Increase physical memory or swap space
#   Check if swap backing store is full
#   Decrease Java heap size (-Xmx/-Xms)
#   Decrease number of Java threads
#   Decrease Java thread stack sizes (-Xss)
#   Set larger code cache with -XX:ReservedCodeCacheSize=
#   JVM is running with Zero Based Compressed Oops mode in which the Java heap is
#     placed in the first 32GB address space. The Java Heap base address is the
#     maximum limit for the native heap growth. Please use -XX:HeapBaseMinAddress
#     to set the Java Heap base and to place the Java Heap above 32GB virtual address.
# This output file may be truncated or incomplete.
#
#  Out of Memory Error (os_windows.cpp:3600), pid=19024, tid=14432
#
# JRE version:  (21.0.4+8) (build )
# Java VM: Java HotSpot(TM) 64-Bit Server VM (21.0.4+8-LTS-274, mixed mode, sharing, tiered, compressed oops, compressed class ptrs, g1 gc, windows-amd64)
# No core dump will be written. Minidumps are not enabled by default on client versions of Windows
#

---------------  S U M M A R Y ------------

Command Line: -XX:+ShowCodeDetailsInExceptionMessages -agentlib:jdwp=transport=dt_socket,suspend=y,address=localhost:62075 -javaagent:D:\jee-2024-06\eclipse\configuration\org.eclipse.osgi\448\0\.cp\lib\javaagent-shaded.jar -Dfile.encoding=UTF-8 -Dstdout.encoding=UTF-8 -Dstderr.encoding=UTF-8 --module-path=C:\Users\CDAC\Desktop\Shweta\AdvanceJAVA\Assignment1_JDBC\Lib\mysql-connector-java-8.0.25.jar example.jdbc.ArticleMenu

Host: 12th Gen Intel(R) Core(TM) i5-12400, 12 cores, 15G,  Windows 11 , 64 bit Build 22621 (10.0.22621.4391)
Time: Fri Nov 29 17:01:50 2024 India Standard Time elapsed time: 0.007030 seconds (0d 0h 0m 0s)

---------------  T H R E A D  ---------------

Current thread (0x000001e090d20830):  JavaThread "Unknown thread" [_thread_in_vm, id=14432, stack(0x0000003952700000,0x0000003952800000) (1024K)]

Stack: [0x0000003952700000,0x0000003952800000]
Native frames: (J=compiled Java code, j=interpreted, Vv=VM code, C=native code)
V  [jvm.dll+0x6c8e59]
V  [jvm.dll+0x853181]
V  [jvm.dll+0x8556ae]
V  [jvm.dll+0x855d83]
V  [jvm.dll+0x27d526]
V  [jvm.dll+0x6c55f5]
V  [jvm.dll+0x6ba17a]
V  [jvm.dll+0x352a8a]
V  [jvm.dll+0x35a6e6]
V  [jvm.dll+0x3acdae]
V  [jvm.dll+0x3ad058]
V  [jvm.dll+0x326dec]
V  [jvm.dll+0x32794b]
V  [jvm.dll+0x81c569]
V  [jvm.dll+0x3b9a11]
V  [jvm.dll+0x805948]
V  [jvm.dll+0x44ec5e]
V  [jvm.dll+0x450851]
C  [jli.dll+0x52a3]
C  [ucrtbase.dll+0x29333]
C  [KERNEL32.DLL+0x1259d]
C  [ntdll.dll+0x5af38]


---------------  P R O C E S S  ---------------

Threads class SMR info:
_java_thread_list=0x00007ff878e96c08, length=0, elements={
}

Java Threads: ( => current thread )
Total: 0

Other Threads:
  0x000001e092ff0960 WorkerThread "GC Thread#0"                     [id=13084, stack(0x0000003952800000,0x0000003952900000) (1024K)]
  0x000001e093001d60 ConcurrentGCThread "G1 Main Marker"            [id=10256, stack(0x0000003952900000,0x0000003952a00000) (1024K)]
  0x000001e0930031b0 WorkerThread "G1 Conc#0"                       [id=18684, stack(0x0000003952a00000,0x0000003952b00000) (1024K)]

[error occurred during error reporting (printing all threads), id 0xc0000005, EXCEPTION_ACCESS_VIOLATION (0xc0000005) at pc=0x00007ff878609577]
VM state: not at safepoint (not fully initialized)

VM Mutex/Monitor currently owned by a thread:  ([mutex/lock_event])
[0x00007ff878f07f98] Heap_lock - owner thread: 0x000001e090d20830

Heap address: 0x0000000704600000, size: 4026 MB, Compressed Oops mode: Zero based, Oop shift amount: 3

CDS archive(s) mapped at: [0x0000000000000000-0x0000000000000000-0x0000000000000000), size 0, SharedBaseAddress: 0x0000000800000000, ArchiveRelocationMode: 1.
Narrow klass base: 0x0000000000000000, Narrow klass shift: 0, Narrow klass range: 0x0

GC Precious Log:
 CardTable entry size: 512
 Card Set container configuration: InlinePtr #cards 4 size 8 Array Of Cards #cards 16 size 48 Howl #buckets 8 coarsen threshold 3686 Howl Bitmap #cards 512 size 80 coarsen threshold 460 Card regions per heap region 1 cards per card region 4096

Heap:
 garbage-first heap   total 0K, used 0K [0x0000000704600000, 0x0000000800000000)
  region size 2048K, 0 young (0K), 0 survivors (0K)

[error occurred during error reporting (printing heap information), id 0xc0000005, EXCEPTION_ACCESS_VIOLATION (0xc0000005) at pc=0x00007ff8789f1df9]
GC Heap History (0 events):
No events

Dll operation events (1 events):
Event: 0.005 Loaded shared library C:\Program Files\Java\jdk-21\bin\java.dll

Deoptimization events (0 events):
No events

Classes loaded (0 events):
No events

Classes unloaded (0 events):
No events

Classes redefined (0 events):
No events

Internal exceptions (0 events):
No events

ZGC Phase Switch (0 events):
No events

VM Operations (0 events):
No events

Events (0 events):
No events


Dynamic libraries:
0x00007ff66f910000 - 0x00007ff66f920000 	C:\Program Files\Java\jdk-21\bin\javaw.exe
0x00007ff8f71f0000 - 0x00007ff8f7407000 	C:\WINDOWS\SYSTEM32\ntdll.dll
0x00007ff8f5cf0000 - 0x00007ff8f5db4000 	C:\WINDOWS\System32\KERNEL32.DLL
0x00007ff8f4690000 - 0x00007ff8f4a49000 	C:\WINDOWS\System32\KERNELBASE.dll
0x00007ff8f44c0000 - 0x00007ff8f45d1000 	C:\WINDOWS\System32\ucrtbase.dll
0x00007ff8eb680000 - 0x00007ff8eb699000 	C:\Program Files\Java\jdk-21\bin\jli.dll
0x00007ff8eb440000 - 0x00007ff8eb45b000 	C:\Program Files\Java\jdk-21\bin\VCRUNTIME140.dll
0x00007ff8f4ee0000 - 0x00007ff8f4f92000 	C:\WINDOWS\System32\ADVAPI32.dll
0x00007ff8f6550000 - 0x00007ff8f65f7000 	C:\WINDOWS\System32\msvcrt.dll
0x00007ff8f4fc0000 - 0x00007ff8f5067000 	C:\WINDOWS\System32\sechost.dll
0x00007ff8f4df0000 - 0x00007ff8f4e18000 	C:\WINDOWS\System32\bcrypt.dll
0x00007ff8f6f30000 - 0x00007ff8f7044000 	C:\WINDOWS\System32\RPCRT4.dll
0x00007ff8f5ae0000 - 0x00007ff8f5c8e000 	C:\WINDOWS\System32\USER32.dll
0x00007ff8f4660000 - 0x00007ff8f4686000 	C:\WINDOWS\System32\win32u.dll
0x00007ff8e1170000 - 0x00007ff8e1402000 	C:\WINDOWS\WinSxS\amd64_microsoft.windows.common-controls_6595b64144ccf1df_6.0.22621.4391_none_2715d37f73803e96\COMCTL32.dll
0x00007ff8f5ab0000 - 0x00007ff8f5ad9000 	C:\WINDOWS\System32\GDI32.dll
0x00007ff8f4bc0000 - 0x00007ff8f4cdb000 	C:\WINDOWS\System32\gdi32full.dll
0x00007ff8f4ce0000 - 0x00007ff8f4d7a000 	C:\WINDOWS\System32\msvcp_win.dll
0x00007ff8ec000000 - 0x00007ff8ec00a000 	C:\WINDOWS\SYSTEM32\VERSION.dll
0x00007ff8f69b0000 - 0x00007ff8f69e1000 	C:\WINDOWS\System32\IMM32.DLL
0x00007ff8f1060000 - 0x00007ff8f106c000 	C:\Program Files\Java\jdk-21\bin\vcruntime140_1.dll
0x00007ff8d9c20000 - 0x00007ff8d9cae000 	C:\Program Files\Java\jdk-21\bin\msvcp140.dll
0x00007ff8782d0000 - 0x00007ff878fe3000 	C:\Program Files\Java\jdk-21\bin\server\jvm.dll
0x00007ff8f6930000 - 0x00007ff8f69a1000 	C:\WINDOWS\System32\WS2_32.dll
0x00007ff8f3840000 - 0x00007ff8f388d000 	C:\WINDOWS\SYSTEM32\POWRPROF.dll
0x00007ff8e8170000 - 0x00007ff8e81a4000 	C:\WINDOWS\SYSTEM32\WINMM.dll
0x00007ff8f37a0000 - 0x00007ff8f37b3000 	C:\WINDOWS\SYSTEM32\UMPDC.dll
0x00007ff8f34c0000 - 0x00007ff8f34d8000 	C:\WINDOWS\SYSTEM32\kernel.appcore.dll
0x00007ff8f0240000 - 0x00007ff8f024a000 	C:\Program Files\Java\jdk-21\bin\jimage.dll
0x00007ff8f1d10000 - 0x00007ff8f1f42000 	C:\WINDOWS\SYSTEM32\DBGHELP.DLL
0x00007ff8f69f0000 - 0x00007ff8f6d7f000 	C:\WINDOWS\System32\combase.dll
0x00007ff8f6dd0000 - 0x00007ff8f6ea7000 	C:\WINDOWS\System32\OLEAUT32.dll
0x00007ff8ed7b0000 - 0x00007ff8ed7e2000 	C:\WINDOWS\SYSTEM32\dbgcore.DLL
0x00007ff8f45e0000 - 0x00007ff8f465b000 	C:\WINDOWS\System32\bcryptPrimitives.dll
0x00007ff8d9be0000 - 0x00007ff8d9c1c000 	C:\Program Files\Java\jdk-21\bin\jdwp.dll
0x00007ff8f0260000 - 0x00007ff8f026f000 	C:\Program Files\Java\jdk-21\bin\instrument.dll
0x00007ff8f0140000 - 0x00007ff8f015f000 	C:\Program Files\Java\jdk-21\bin\java.dll

dbghelp: loaded successfully - version: 4.0.5 - missing functions: none
symbol engine: initialized successfully - sym options: 0x614 - pdb path: .;C:\Program Files\Java\jdk-21\bin;C:\WINDOWS\SYSTEM32;C:\WINDOWS\WinSxS\amd64_microsoft.windows.common-controls_6595b64144ccf1df_6.0.22621.4391_none_2715d37f73803e96;C:\Program Files\Java\jdk-21\bin\server

VM Arguments:
jvm_args: -XX:+ShowCodeDetailsInExceptionMessages -agentlib:jdwp=transport=dt_socket,suspend=y,address=localhost:62075 -javaagent:D:\jee-2024-06\eclipse\configuration\org.eclipse.osgi\448\0\.cp\lib\javaagent-shaded.jar -Dfile.encoding=UTF-8 -Dstdout.encoding=UTF-8 -Dstderr.encoding=UTF-8 --module-path=C:\Users\CDAC\Desktop\Shweta\AdvanceJAVA\Assignment1_JDBC\Lib\mysql-connector-java-8.0.25.jar 
java_command: example.jdbc.ArticleMenu
java_class_path (initial): C:\Users\CDAC\Desktop\Shweta\AdvanceJAVA\Assignment1_JDBC\bin
Launcher Type: SUN_STANDARD

[Global flags]
     intx CICompilerCount                          = 4                                         {product} {ergonomic}
     uint ConcGCThreads                            = 3                                         {product} {ergonomic}
     uint G1ConcRefinementThreads                  = 10                                        {product} {ergonomic}
   size_t G1HeapRegionSize                         = 2097152                                   {product} {ergonomic}
    uintx GCDrainStackTargetSize                   = 64                                        {product} {ergonomic}
   size_t InitialHeapSize                          = 264241152                                 {product} {ergonomic}
   size_t MarkStackSize                            = 4194304                                   {product} {ergonomic}
   size_t MaxHeapSize                              = 4221566976                                {product} {ergonomic}
   size_t MinHeapDeltaBytes                        = 2097152                                   {product} {ergonomic}
   size_t MinHeapSize                              = 8388608                                   {product} {ergonomic}
    uintx NonNMethodCodeHeapSize                   = 5839372                                {pd product} {ergonomic}
    uintx NonProfiledCodeHeapSize                  = 122909434                              {pd product} {ergonomic}
    uintx ProfiledCodeHeapSize                     = 122909434                              {pd product} {ergonomic}
    uintx ReservedCodeCacheSize                    = 251658240                              {pd product} {ergonomic}
     bool SegmentedCodeCache                       = true                                      {product} {ergonomic}
     bool ShowCodeDetailsInExceptionMessages       = true                                   {manageable} {command line}
   size_t SoftMaxHeapSize                          = 4221566976                             {manageable} {ergonomic}
     bool UseCompressedOops                        = true                           {product lp64_product} {ergonomic}
     bool UseG1GC                                  = true                                      {product} {ergonomic}
     bool UseLargePagesIndividualAllocation        = false                                  {pd product} {ergonomic}

Logging:
Log output configuration:
 #0: stdout all=warning uptime,level,tags foldmultilines=false
 #1: stderr all=off uptime,level,tags foldmultilines=false

Environment Variables:
PATH=C:/Program Files/Java/jdk-21/bin/server;C:/Program Files/Java/jdk-21/bin;C:\Program Files\Java\jdk-21\bin;C:\Program Files\Common Files\Oracle\Java\javapath;C:\oraclexe\app\oracle\product\11.2.0\server\bin;C:\app\Admin\product\21c\dbhomeXE\bin;C:\Program Files (x86)\VMware\VMware Player\bin\;C:\WINDOWS\system32;C:\WINDOWS;C:\WINDOWS\System32\Wbem;C:\WINDOWS\System32\WindowsPowerShell\v1.0\;C:\WINDOWS\System32\OpenSSH\;C:\Program Files (x86)\Kaspersky Lab\Kaspersky Endpoint Security for Windows\;C:\Program Files\PuTTY\;C:\ProgramData\chocolatey\bin;C:\Program Files\Git\cmd;C:\Program Files\dotnet\;D:\Dinesh-spring\apache-maven-3.8.7-bin\apache-maven-3.8.7\bin\;C:\Program Files (x86)\Microsoft SQL Server\160\Tools\Binn\;C:\Program Files\Microsoft SQL Server\160\Tools\Binn\;C:\Program Files\Microsoft SQL Server\Client SDK\ODBC\170\Tools\Binn\;C:\Program Files\Microsoft SQL Server\160\DTS\Binn\;C:\Program Files (x86)\Microsoft SQL Server\160\DTS\Binn\;C:\Program Files\Azure Data Studio\bin;C:\Program Files\Microsoft SQL Server\150\Tools\Binn\;C:\Program Files\nodejs\;C:\Users\CDAC\AppData\Local\Programs\Python\Launcher\;C:\Users\CDAC\.console-ninja\.bin;C:\Program Files\MySQL\MySQL Shell 8.0\bin\;C:\Users\CDAC\AppData\Local\Microsoft\WindowsApps;C:\Users\CDAC\AppData\Local\Programs\Microsoft VS Code\bin;C:\Users\CDAC\.dotnet\tools;C:\Program Files\Azure Data Studio\bin;C:\Users\CDAC\AppData\Roaming\npm;C:\Users\CDAC\Desktop;
USERNAME=CDAC
OS=Windows_NT
PROCESSOR_IDENTIFIER=Intel64 Family 6 Model 151 Stepping 5, GenuineIntel
TMP=C:\Users\CDAC\AppData\Local\Temp
TEMP=C:\Users\CDAC\AppData\Local\Temp




Periodic native trim disabled

---------------  S Y S T E M  ---------------

OS:
 Windows 11 , 64 bit Build 22621 (10.0.22621.4391)
OS uptime: 10 days 2:48 hours
Hyper-V role detected

CPU: total 12 (initial active 12) (6 cores per cpu, 2 threads per core) family 6 model 151 stepping 5 microcode 0x1e, cx8, cmov, fxsr, ht, mmx, 3dnowpref, sse, sse2, sse3, ssse3, sse4.1, sse4.2, popcnt, lzcnt, tsc, tscinvbit, avx, avx2, aes, erms, clmul, bmi1, bmi2, adx, sha, fma, vzeroupper, clflush, clflushopt, clwb, hv, serialize, rdtscp, rdpid, fsrm, f16c, cet_ibt, cet_ss
Processor Information for all 12 processors :
  Max Mhz: 2500, Current Mhz: 2500, Mhz Limit: 2500

Memory: 4k page, system-wide physical 16099M (3794M free)
TotalPageFile size 65251M (AvailPageFile size 246M)
current process WorkingSet (physical memory assigned to process): 11M, peak: 11M
current process commit charge ("private bytes"): 64M, peak: 316M

vm_info: Java HotSpot(TM) 64-Bit Server VM (21.0.4+8-LTS-274) for windows-amd64 JRE (21.0.4+8-LTS-274), built on 2024-06-05T05:23:33Z by "mach5one" with MS VC++ 17.6 (VS2022)

END.
